2017-01-02 10:11:15,881 [Worker-0] INFO  c.g.t.t.d.PublishedGradleVersions - Gradle version information cache is up-to-date. Trying to read.
2017-01-02 11:22:40,782 [ModalContext] INFO  o.e.m.c.i.e.AbstractTransferListenerAdapter - Downloading https://repo.maven.apache.org/maven2/org/apache/maven/archetypes/maven-archetype-quickstart/1.1/maven-archetype-quickstart-1.1.jar
2017-01-02 11:22:40,845 [ModalContext] INFO  o.e.m.c.i.e.AbstractTransferListenerAdapter - Downloaded https://repo.maven.apache.org/maven2/org/apache/maven/archetypes/maven-archetype-quickstart/1.1/maven-archetype-quickstart-1.1.jar
2017-01-02 11:22:40,874 [ModalContext] INFO  o.e.m.c.i.e.AbstractTransferListenerAdapter - Downloading https://repo.maven.apache.org/maven2/org/apache/maven/archetypes/maven-archetype-quickstart/1.1/maven-archetype-quickstart-1.1.pom
2017-01-02 11:22:40,899 [ModalContext] INFO  o.e.m.c.i.e.AbstractTransferListenerAdapter - Downloaded https://repo.maven.apache.org/maven2/org/apache/maven/archetypes/maven-archetype-quickstart/1.1/maven-archetype-quickstart-1.1.pom
2017-01-02 11:23:50,201 [Worker-17] INFO  o.e.m.c.i.p.ProjectConfigurationManager - Collecting project info '/pom.xml' /home/viet/Desktop/DevFile/Java/SmartQA/SmartQA/SmartQA/pom.xml
2017-01-02 11:23:53,489 [Worker-17] INFO  o.e.m.c.i.l.LifecycleMappingFactory - Using org.eclipse.m2e.jdt.JarLifecycleMapping lifecycle mapping for MavenProject: com.viet:SmartQA:0.0.1-SNAPSHOT @ /home/viet/Desktop/DevFile/Java/SmartQA/SmartQA/SmartQA/pom.xml.
2017-01-02 11:23:54,205 [Worker-17] INFO  o.e.m.j.i.AbstractJavaProjectConfigurator - Adding source folder /SmartQA/src/main/java
2017-01-02 11:23:54,210 [Worker-17] INFO  o.e.m.j.i.AbstractJavaProjectConfigurator - Adding source folder /SmartQA/src/test/java
2017-01-02 11:23:54,491 [Worker-17] INFO  o.e.m.c.i.p.ProjectConfigurationManager - Imported and configured 1 project(s) in 4 sec
2017-01-02 11:23:56,491 [Worker-17] INFO  o.e.m.c.i.embedder.EclipseLogger - Using 'UTF-8' encoding to copy filtered resources.
2017-01-02 11:23:56,491 [Worker-17] INFO  o.e.m.c.i.embedder.EclipseLogger - skip non existing resourceDirectory /home/viet/Desktop/DevFile/Java/SmartQA/SmartQA/SmartQA/src/main/resources
2017-01-02 11:23:56,496 [Worker-17] INFO  o.e.m.c.i.embedder.EclipseLogger - Using 'UTF-8' encoding to copy filtered resources.
2017-01-02 11:23:56,496 [Worker-17] INFO  o.e.m.c.i.embedder.EclipseLogger - skip non existing resourceDirectory /home/viet/Desktop/DevFile/Java/SmartQA/SmartQA/SmartQA/src/test/resources
2017-01-02 11:24:06,843 [Worker-17] INFO  o.e.m.c.i.embedder.EclipseLogger - Using 'UTF-8' encoding to copy filtered resources.
2017-01-02 11:24:06,843 [Worker-17] INFO  o.e.m.c.i.embedder.EclipseLogger - skip non existing resourceDirectory /home/viet/Desktop/DevFile/Java/SmartQA/SmartQA/SmartQA/src/main/resources
2017-01-02 11:24:06,846 [Worker-17] INFO  o.e.m.c.i.embedder.EclipseLogger - Using 'UTF-8' encoding to copy filtered resources.
2017-01-02 11:24:06,846 [Worker-17] INFO  o.e.m.c.i.embedder.EclipseLogger - skip non existing resourceDirectory /home/viet/Desktop/DevFile/Java/SmartQA/SmartQA/SmartQA/src/test/resources
2017-01-02 11:31:30,556 [Worker-2] INFO  c.g.t.t.d.PublishedGradleVersions - Gradle version information cache is up-to-date. Trying to read.
2017-01-02 11:31:34,286 [Worker-7] INFO  o.e.m.c.i.embedder.EclipseLogger - Using 'UTF-8' encoding to copy filtered resources.
2017-01-02 11:31:34,301 [Worker-7] INFO  o.e.m.c.i.embedder.EclipseLogger - skip non existing resourceDirectory /home/viet/Desktop/DevFile/Java/SmartQA/SmartQA/SmartQA/src/main/resources
2017-01-02 11:31:34,307 [Worker-7] INFO  o.e.m.c.i.embedder.EclipseLogger - Using 'UTF-8' encoding to copy filtered resources.
2017-01-02 11:31:34,307 [Worker-7] INFO  o.e.m.c.i.embedder.EclipseLogger - skip non existing resourceDirectory /home/viet/Desktop/DevFile/Java/SmartQA/SmartQA/SmartQA/src/test/resources
2017-01-02 11:33:56,247 [Worker-0] INFO  o.e.m.c.i.embedder.EclipseLogger - Using 'UTF-8' encoding to copy filtered resources.
2017-01-02 11:33:56,248 [Worker-0] INFO  o.e.m.c.i.embedder.EclipseLogger - skip non existing resourceDirectory /home/viet/Desktop/DevFile/Java/SmartQA/SmartQA/SmartQA/src/main/resources
2017-01-02 11:33:56,251 [Worker-0] INFO  o.e.m.c.i.embedder.EclipseLogger - Using 'UTF-8' encoding to copy filtered resources.
2017-01-02 11:33:56,251 [Worker-0] INFO  o.e.m.c.i.embedder.EclipseLogger - skip non existing resourceDirectory /home/viet/Desktop/DevFile/Java/SmartQA/SmartQA/SmartQA/src/test/resources
2017-01-02 11:35:36,022 [Worker-3] INFO  o.e.m.c.i.embedder.EclipseLogger - Using 'UTF-8' encoding to copy filtered resources.
2017-01-02 11:35:36,023 [Worker-3] INFO  o.e.m.c.i.embedder.EclipseLogger - skip non existing resourceDirectory /home/viet/Desktop/DevFile/Java/SmartQA/SmartQA/SmartQA/src/main/resources
2017-01-02 11:35:36,027 [Worker-3] INFO  o.e.m.c.i.embedder.EclipseLogger - Using 'UTF-8' encoding to copy filtered resources.
2017-01-02 11:35:36,027 [Worker-3] INFO  o.e.m.c.i.embedder.EclipseLogger - skip non existing resourceDirectory /home/viet/Desktop/DevFile/Java/SmartQA/SmartQA/SmartQA/src/test/resources
2017-01-02 11:37:38,633 [Worker-0] INFO  o.e.m.c.i.embedder.EclipseLogger - Using 'UTF-8' encoding to copy filtered resources.
2017-01-02 11:37:38,634 [Worker-0] INFO  o.e.m.c.i.embedder.EclipseLogger - skip non existing resourceDirectory /home/viet/Desktop/DevFile/Java/SmartQA/SmartQA/SmartQA/src/main/resources
2017-01-02 11:37:38,637 [Worker-0] INFO  o.e.m.c.i.embedder.EclipseLogger - Using 'UTF-8' encoding to copy filtered resources.
2017-01-02 11:37:38,637 [Worker-0] INFO  o.e.m.c.i.embedder.EclipseLogger - skip non existing resourceDirectory /home/viet/Desktop/DevFile/Java/SmartQA/SmartQA/SmartQA/src/test/resources
2017-01-02 11:37:45,971 [Worker-23] INFO  o.e.m.c.i.embedder.EclipseLogger - Using 'UTF-8' encoding to copy filtered resources.
2017-01-02 11:37:45,971 [Worker-23] INFO  o.e.m.c.i.embedder.EclipseLogger - skip non existing resourceDirectory /home/viet/Desktop/DevFile/Java/SmartQA/SmartQA/SmartQA/src/main/resources
2017-01-02 11:37:45,973 [Worker-23] INFO  o.e.m.c.i.embedder.EclipseLogger - Using 'UTF-8' encoding to copy filtered resources.
2017-01-02 11:37:45,973 [Worker-23] INFO  o.e.m.c.i.embedder.EclipseLogger - skip non existing resourceDirectory /home/viet/Desktop/DevFile/Java/SmartQA/SmartQA/SmartQA/src/test/resources
2017-01-02 11:43:26,541 [Worker-22] INFO  o.e.m.c.i.embedder.EclipseLogger - Using 'UTF-8' encoding to copy filtered resources.
2017-01-02 11:43:26,542 [Worker-22] INFO  o.e.m.c.i.embedder.EclipseLogger - skip non existing resourceDirectory /home/viet/Desktop/DevFile/Java/SmartQA/SmartQA/SmartQA/src/main/resources
2017-01-02 11:43:26,554 [Worker-22] INFO  o.e.m.c.i.embedder.EclipseLogger - Using 'UTF-8' encoding to copy filtered resources.
2017-01-02 11:43:26,554 [Worker-22] INFO  o.e.m.c.i.embedder.EclipseLogger - skip non existing resourceDirectory /home/viet/Desktop/DevFile/Java/SmartQA/SmartQA/SmartQA/src/test/resources
2017-01-02 11:44:09,587 [Worker-27] INFO  o.e.m.c.i.embedder.EclipseLogger - Using 'UTF-8' encoding to copy filtered resources.
2017-01-02 11:44:09,587 [Worker-27] INFO  o.e.m.c.i.embedder.EclipseLogger - skip non existing resourceDirectory /home/viet/Desktop/DevFile/Java/SmartQA/SmartQA/SmartQA/src/main/resources
2017-01-02 11:44:09,590 [Worker-27] INFO  o.e.m.c.i.embedder.EclipseLogger - Using 'UTF-8' encoding to copy filtered resources.
2017-01-02 11:44:09,591 [Worker-27] INFO  o.e.m.c.i.embedder.EclipseLogger - skip non existing resourceDirectory /home/viet/Desktop/DevFile/Java/SmartQA/SmartQA/SmartQA/src/test/resources
2017-01-02 11:44:36,072 [Worker-25] INFO  o.e.m.c.i.embedder.EclipseLogger - Using 'UTF-8' encoding to copy filtered resources.
2017-01-02 11:44:36,072 [Worker-25] INFO  o.e.m.c.i.embedder.EclipseLogger - skip non existing resourceDirectory /home/viet/Desktop/DevFile/Java/SmartQA/SmartQA/SmartQA/src/main/resources
2017-01-02 11:44:36,077 [Worker-25] INFO  o.e.m.c.i.embedder.EclipseLogger - Using 'UTF-8' encoding to copy filtered resources.
2017-01-02 11:44:36,077 [Worker-25] INFO  o.e.m.c.i.embedder.EclipseLogger - skip non existing resourceDirectory /home/viet/Desktop/DevFile/Java/SmartQA/SmartQA/SmartQA/src/test/resources
2017-01-02 11:49:06,212 [Worker-29] INFO  o.e.m.c.i.embedder.EclipseLogger - Using 'UTF-8' encoding to copy filtered resources.
2017-01-02 11:49:06,213 [Worker-29] INFO  o.e.m.c.i.embedder.EclipseLogger - skip non existing resourceDirectory /home/viet/Desktop/DevFile/Java/SmartQA/SmartQA/SmartQA/src/main/resources
2017-01-02 11:49:06,216 [Worker-29] INFO  o.e.m.c.i.embedder.EclipseLogger - Using 'UTF-8' encoding to copy filtered resources.
2017-01-02 11:49:06,224 [Worker-29] INFO  o.e.m.c.i.embedder.EclipseLogger - skip non existing resourceDirectory /home/viet/Desktop/DevFile/Java/SmartQA/SmartQA/SmartQA/src/test/resources
2017-01-02 11:49:36,067 [Worker-27] INFO  o.e.m.c.i.embedder.EclipseLogger - Using 'UTF-8' encoding to copy filtered resources.
2017-01-02 11:49:36,068 [Worker-27] INFO  o.e.m.c.i.embedder.EclipseLogger - skip non existing resourceDirectory /home/viet/Desktop/DevFile/Java/SmartQA/SmartQA/SmartQA/src/main/resources
2017-01-02 11:49:36,070 [Worker-27] INFO  o.e.m.c.i.embedder.EclipseLogger - Using 'UTF-8' encoding to copy filtered resources.
2017-01-02 11:49:36,071 [Worker-27] INFO  o.e.m.c.i.embedder.EclipseLogger - skip non existing resourceDirectory /home/viet/Desktop/DevFile/Java/SmartQA/SmartQA/SmartQA/src/test/resources
2017-01-02 11:55:48,501 [Worker-3] INFO  c.g.t.t.d.PublishedGradleVersions - Gradle version information cache is up-to-date. Trying to read.
2017-01-02 11:56:29,306 [Worker-1] INFO  o.e.m.c.i.embedder.EclipseLogger - Using 'UTF-8' encoding to copy filtered resources.
2017-01-02 11:56:29,308 [Worker-1] INFO  o.e.m.c.i.embedder.EclipseLogger - skip non existing resourceDirectory /home/viet/Desktop/DevFile/Java/SmartQA/SmartQA/SmartQA/src/main/resources
2017-01-02 11:56:29,313 [Worker-1] INFO  o.e.m.c.i.embedder.EclipseLogger - Using 'UTF-8' encoding to copy filtered resources.
2017-01-02 11:56:29,313 [Worker-1] INFO  o.e.m.c.i.embedder.EclipseLogger - skip non existing resourceDirectory /home/viet/Desktop/DevFile/Java/SmartQA/SmartQA/SmartQA/src/test/resources
2017-01-02 11:56:34,678 [Worker-6] INFO  o.e.m.c.i.embedder.EclipseLogger - Using 'UTF-8' encoding to copy filtered resources.
2017-01-02 11:56:34,678 [Worker-6] INFO  o.e.m.c.i.embedder.EclipseLogger - skip non existing resourceDirectory /home/viet/Desktop/DevFile/Java/SmartQA/SmartQA/SmartQA/src/main/resources
2017-01-02 11:56:34,685 [Worker-6] INFO  o.e.m.c.i.embedder.EclipseLogger - Using 'UTF-8' encoding to copy filtered resources.
2017-01-02 11:56:34,685 [Worker-6] INFO  o.e.m.c.i.embedder.EclipseLogger - skip non existing resourceDirectory /home/viet/Desktop/DevFile/Java/SmartQA/SmartQA/SmartQA/src/test/resources
2017-01-02 11:58:01,594 [Worker-8] INFO  o.e.m.c.i.embedder.EclipseLogger - Using 'UTF-8' encoding to copy filtered resources.
2017-01-02 11:58:01,594 [Worker-8] INFO  o.e.m.c.i.embedder.EclipseLogger - skip non existing resourceDirectory /home/viet/Desktop/DevFile/Java/SmartQA/SmartQA/SmartQA/src/main/resources
2017-01-02 11:58:01,599 [Worker-8] INFO  o.e.m.c.i.embedder.EclipseLogger - Using 'UTF-8' encoding to copy filtered resources.
2017-01-02 11:58:01,599 [Worker-8] INFO  o.e.m.c.i.embedder.EclipseLogger - skip non existing resourceDirectory /home/viet/Desktop/DevFile/Java/SmartQA/SmartQA/SmartQA/src/test/resources
2017-01-02 11:58:53,020 [Worker-16] INFO  o.e.m.c.i.embedder.EclipseLogger - Using 'UTF-8' encoding to copy filtered resources.
2017-01-02 11:58:53,025 [Worker-16] INFO  o.e.m.c.i.embedder.EclipseLogger - skip non existing resourceDirectory /home/viet/Desktop/DevFile/Java/SmartQA/SmartQA/SmartQA/src/main/resources
2017-01-02 11:58:53,029 [Worker-16] INFO  o.e.m.c.i.embedder.EclipseLogger - Using 'UTF-8' encoding to copy filtered resources.
2017-01-02 11:58:53,029 [Worker-16] INFO  o.e.m.c.i.embedder.EclipseLogger - skip non existing resourceDirectory /home/viet/Desktop/DevFile/Java/SmartQA/SmartQA/SmartQA/src/test/resources
2017-01-02 11:58:59,669 [Worker-4] INFO  o.e.m.c.i.embedder.EclipseLogger - Using 'UTF-8' encoding to copy filtered resources.
2017-01-02 11:58:59,670 [Worker-4] INFO  o.e.m.c.i.embedder.EclipseLogger - skip non existing resourceDirectory /home/viet/Desktop/DevFile/Java/SmartQA/SmartQA/SmartQA/src/main/resources
2017-01-02 11:58:59,673 [Worker-4] INFO  o.e.m.c.i.embedder.EclipseLogger - Using 'UTF-8' encoding to copy filtered resources.
2017-01-02 11:58:59,673 [Worker-4] INFO  o.e.m.c.i.embedder.EclipseLogger - skip non existing resourceDirectory /home/viet/Desktop/DevFile/Java/SmartQA/SmartQA/SmartQA/src/test/resources
2017-01-02 11:59:02,617 [Worker-16] INFO  o.e.m.c.i.embedder.EclipseLogger - Using 'UTF-8' encoding to copy filtered resources.
2017-01-02 11:59:02,618 [Worker-16] INFO  o.e.m.c.i.embedder.EclipseLogger - skip non existing resourceDirectory /home/viet/Desktop/DevFile/Java/SmartQA/SmartQA/SmartQA/src/main/resources
2017-01-02 11:59:02,624 [Worker-16] INFO  o.e.m.c.i.embedder.EclipseLogger - Using 'UTF-8' encoding to copy filtered resources.
2017-01-02 11:59:02,625 [Worker-16] INFO  o.e.m.c.i.embedder.EclipseLogger - skip non existing resourceDirectory /home/viet/Desktop/DevFile/Java/SmartQA/SmartQA/SmartQA/src/test/resources
2017-01-02 11:59:57,559 [Worker-5] INFO  o.e.m.c.i.embedder.EclipseLogger - Using 'UTF-8' encoding to copy filtered resources.
2017-01-02 11:59:57,560 [Worker-5] INFO  o.e.m.c.i.embedder.EclipseLogger - skip non existing resourceDirectory /home/viet/Desktop/DevFile/Java/SmartQA/SmartQA/SmartQA/src/main/resources
2017-01-02 11:59:57,562 [Worker-5] INFO  o.e.m.c.i.embedder.EclipseLogger - Using 'UTF-8' encoding to copy filtered resources.
2017-01-02 11:59:57,563 [Worker-5] INFO  o.e.m.c.i.embedder.EclipseLogger - skip non existing resourceDirectory /home/viet/Desktop/DevFile/Java/SmartQA/SmartQA/SmartQA/src/test/resources
2017-01-02 12:00:00,818 [Worker-17] INFO  o.e.m.c.i.embedder.EclipseLogger - Using 'UTF-8' encoding to copy filtered resources.
2017-01-02 12:00:00,818 [Worker-17] INFO  o.e.m.c.i.embedder.EclipseLogger - skip non existing resourceDirectory /home/viet/Desktop/DevFile/Java/SmartQA/SmartQA/SmartQA/src/main/resources
2017-01-02 12:00:00,834 [Worker-17] INFO  o.e.m.c.i.embedder.EclipseLogger - Using 'UTF-8' encoding to copy filtered resources.
2017-01-02 12:00:00,834 [Worker-17] INFO  o.e.m.c.i.embedder.EclipseLogger - skip non existing resourceDirectory /home/viet/Desktop/DevFile/Java/SmartQA/SmartQA/SmartQA/src/test/resources
2017-01-02 12:01:58,629 [Worker-16] INFO  o.e.m.c.i.embedder.EclipseLogger - Using 'UTF-8' encoding to copy filtered resources.
2017-01-02 12:01:58,629 [Worker-16] INFO  o.e.m.c.i.embedder.EclipseLogger - skip non existing resourceDirectory /home/viet/Desktop/DevFile/Java/SmartQA/SmartQA/SmartQA/src/main/resources
2017-01-02 12:01:58,632 [Worker-16] INFO  o.e.m.c.i.embedder.EclipseLogger - Using 'UTF-8' encoding to copy filtered resources.
2017-01-02 12:01:58,636 [Worker-16] INFO  o.e.m.c.i.embedder.EclipseLogger - skip non existing resourceDirectory /home/viet/Desktop/DevFile/Java/SmartQA/SmartQA/SmartQA/src/test/resources
2017-01-02 12:02:42,824 [Worker-5] INFO  o.e.m.c.i.embedder.EclipseLogger - Using 'UTF-8' encoding to copy filtered resources.
2017-01-02 12:02:42,825 [Worker-5] INFO  o.e.m.c.i.embedder.EclipseLogger - skip non existing resourceDirectory /home/viet/Desktop/DevFile/Java/SmartQA/SmartQA/SmartQA/src/main/resources
2017-01-02 12:02:42,827 [Worker-5] INFO  o.e.m.c.i.embedder.EclipseLogger - Using 'UTF-8' encoding to copy filtered resources.
2017-01-02 12:02:42,828 [Worker-5] INFO  o.e.m.c.i.embedder.EclipseLogger - skip non existing resourceDirectory /home/viet/Desktop/DevFile/Java/SmartQA/SmartQA/SmartQA/src/test/resources
2017-01-02 12:03:43,354 [Worker-4] INFO  o.e.m.c.i.embedder.EclipseLogger - Using 'UTF-8' encoding to copy filtered resources.
2017-01-02 12:03:43,355 [Worker-4] INFO  o.e.m.c.i.embedder.EclipseLogger - skip non existing resourceDirectory /home/viet/Desktop/DevFile/Java/SmartQA/SmartQA/SmartQA/src/main/resources
2017-01-02 12:03:43,358 [Worker-4] INFO  o.e.m.c.i.embedder.EclipseLogger - Using 'UTF-8' encoding to copy filtered resources.
2017-01-02 12:03:43,358 [Worker-4] INFO  o.e.m.c.i.embedder.EclipseLogger - skip non existing resourceDirectory /home/viet/Desktop/DevFile/Java/SmartQA/SmartQA/SmartQA/src/test/resources
2017-01-02 12:05:09,783 [Worker-5] INFO  o.e.m.c.i.embedder.EclipseLogger - Using 'UTF-8' encoding to copy filtered resources.
2017-01-02 12:05:09,783 [Worker-5] INFO  o.e.m.c.i.embedder.EclipseLogger - skip non existing resourceDirectory /home/viet/Desktop/DevFile/Java/SmartQA/SmartQA/SmartQA/src/main/resources
2017-01-02 12:05:09,791 [Worker-5] INFO  o.e.m.c.i.embedder.EclipseLogger - Using 'UTF-8' encoding to copy filtered resources.
2017-01-02 12:05:09,791 [Worker-5] INFO  o.e.m.c.i.embedder.EclipseLogger - skip non existing resourceDirectory /home/viet/Desktop/DevFile/Java/SmartQA/SmartQA/SmartQA/src/test/resources
2017-01-02 12:07:13,287 [Worker-16] INFO  o.e.m.c.i.embedder.EclipseLogger - Using 'UTF-8' encoding to copy filtered resources.
2017-01-02 12:07:13,288 [Worker-16] INFO  o.e.m.c.i.embedder.EclipseLogger - skip non existing resourceDirectory /home/viet/Desktop/DevFile/Java/SmartQA/SmartQA/SmartQA/src/main/resources
2017-01-02 12:07:13,293 [Worker-16] INFO  o.e.m.c.i.embedder.EclipseLogger - Using 'UTF-8' encoding to copy filtered resources.
2017-01-02 12:07:13,293 [Worker-16] INFO  o.e.m.c.i.embedder.EclipseLogger - skip non existing resourceDirectory /home/viet/Desktop/DevFile/Java/SmartQA/SmartQA/SmartQA/src/test/resources
2017-01-02 12:07:41,467 [Worker-16] INFO  o.e.m.c.i.embedder.EclipseLogger - Using 'UTF-8' encoding to copy filtered resources.
2017-01-02 12:07:41,467 [Worker-16] INFO  o.e.m.c.i.embedder.EclipseLogger - skip non existing resourceDirectory /home/viet/Desktop/DevFile/Java/SmartQA/SmartQA/SmartQA/src/main/resources
2017-01-02 12:07:41,470 [Worker-16] INFO  o.e.m.c.i.embedder.EclipseLogger - Using 'UTF-8' encoding to copy filtered resources.
2017-01-02 12:07:41,470 [Worker-16] INFO  o.e.m.c.i.embedder.EclipseLogger - skip non existing resourceDirectory /home/viet/Desktop/DevFile/Java/SmartQA/SmartQA/SmartQA/src/test/resources
2017-01-02 12:08:43,336 [Worker-17] INFO  o.e.m.c.i.embedder.EclipseLogger - Using 'UTF-8' encoding to copy filtered resources.
2017-01-02 12:08:43,337 [Worker-17] INFO  o.e.m.c.i.embedder.EclipseLogger - skip non existing resourceDirectory /home/viet/Desktop/DevFile/Java/SmartQA/SmartQA/SmartQA/src/main/resources
2017-01-02 12:08:43,339 [Worker-17] INFO  o.e.m.c.i.embedder.EclipseLogger - Using 'UTF-8' encoding to copy filtered resources.
2017-01-02 12:08:43,340 [Worker-17] INFO  o.e.m.c.i.embedder.EclipseLogger - skip non existing resourceDirectory /home/viet/Desktop/DevFile/Java/SmartQA/SmartQA/SmartQA/src/test/resources
2017-01-02 12:09:08,898 [Worker-8] INFO  o.e.m.c.i.embedder.EclipseLogger - Using 'UTF-8' encoding to copy filtered resources.
2017-01-02 12:09:08,899 [Worker-8] INFO  o.e.m.c.i.embedder.EclipseLogger - skip non existing resourceDirectory /home/viet/Desktop/DevFile/Java/SmartQA/SmartQA/SmartQA/src/main/resources
2017-01-02 12:09:08,905 [Worker-8] INFO  o.e.m.c.i.embedder.EclipseLogger - Using 'UTF-8' encoding to copy filtered resources.
2017-01-02 12:09:08,905 [Worker-8] INFO  o.e.m.c.i.embedder.EclipseLogger - skip non existing resourceDirectory /home/viet/Desktop/DevFile/Java/SmartQA/SmartQA/SmartQA/src/test/resources
2017-01-02 12:10:23,336 [Worker-8] INFO  o.e.m.c.i.embedder.EclipseLogger - Using 'UTF-8' encoding to copy filtered resources.
2017-01-02 12:10:23,336 [Worker-8] INFO  o.e.m.c.i.embedder.EclipseLogger - skip non existing resourceDirectory /home/viet/Desktop/DevFile/Java/SmartQA/SmartQA/SmartQA/src/main/resources
2017-01-02 12:10:23,339 [Worker-8] INFO  o.e.m.c.i.embedder.EclipseLogger - Using 'UTF-8' encoding to copy filtered resources.
2017-01-02 12:10:23,339 [Worker-8] INFO  o.e.m.c.i.embedder.EclipseLogger - skip non existing resourceDirectory /home/viet/Desktop/DevFile/Java/SmartQA/SmartQA/SmartQA/src/test/resources
2017-01-02 12:10:29,301 [Worker-11] INFO  o.e.m.c.i.embedder.EclipseLogger - Using 'UTF-8' encoding to copy filtered resources.
2017-01-02 12:10:29,301 [Worker-11] INFO  o.e.m.c.i.embedder.EclipseLogger - skip non existing resourceDirectory /home/viet/Desktop/DevFile/Java/SmartQA/SmartQA/SmartQA/src/main/resources
2017-01-02 12:10:29,303 [Worker-11] INFO  o.e.m.c.i.embedder.EclipseLogger - Using 'UTF-8' encoding to copy filtered resources.
2017-01-02 12:10:29,304 [Worker-11] INFO  o.e.m.c.i.embedder.EclipseLogger - skip non existing resourceDirectory /home/viet/Desktop/DevFile/Java/SmartQA/SmartQA/SmartQA/src/test/resources
2017-01-02 12:22:24,626 [Worker-19] INFO  o.e.m.c.i.embedder.EclipseLogger - Using 'UTF-8' encoding to copy filtered resources.
2017-01-02 12:22:24,627 [Worker-19] INFO  o.e.m.c.i.embedder.EclipseLogger - skip non existing resourceDirectory /home/viet/Desktop/DevFile/Java/SmartQA/SmartQA/SmartQA/src/main/resources
2017-01-02 12:22:24,634 [Worker-19] INFO  o.e.m.c.i.embedder.EclipseLogger - Using 'UTF-8' encoding to copy filtered resources.
2017-01-02 12:22:24,634 [Worker-19] INFO  o.e.m.c.i.embedder.EclipseLogger - skip non existing resourceDirectory /home/viet/Desktop/DevFile/Java/SmartQA/SmartQA/SmartQA/src/test/resources
2017-01-02 12:23:21,732 [Worker-25] INFO  o.e.m.c.i.embedder.EclipseLogger - Using 'UTF-8' encoding to copy filtered resources.
2017-01-02 12:23:21,732 [Worker-25] INFO  o.e.m.c.i.embedder.EclipseLogger - skip non existing resourceDirectory /home/viet/Desktop/DevFile/Java/SmartQA/SmartQA/SmartQA/src/main/resources
2017-01-02 12:23:21,734 [Worker-25] INFO  o.e.m.c.i.embedder.EclipseLogger - Using 'UTF-8' encoding to copy filtered resources.
2017-01-02 12:23:21,735 [Worker-25] INFO  o.e.m.c.i.embedder.EclipseLogger - skip non existing resourceDirectory /home/viet/Desktop/DevFile/Java/SmartQA/SmartQA/SmartQA/src/test/resources
2017-01-02 12:23:45,560 [Worker-24] INFO  o.e.m.c.i.embedder.EclipseLogger - Using 'UTF-8' encoding to copy filtered resources.
2017-01-02 12:23:45,560 [Worker-24] INFO  o.e.m.c.i.embedder.EclipseLogger - skip non existing resourceDirectory /home/viet/Desktop/DevFile/Java/SmartQA/SmartQA/SmartQA/src/main/resources
2017-01-02 12:23:45,562 [Worker-24] INFO  o.e.m.c.i.embedder.EclipseLogger - Using 'UTF-8' encoding to copy filtered resources.
2017-01-02 12:23:45,562 [Worker-24] INFO  o.e.m.c.i.embedder.EclipseLogger - skip non existing resourceDirectory /home/viet/Desktop/DevFile/Java/SmartQA/SmartQA/SmartQA/src/test/resources
2017-01-02 12:23:55,399 [Worker-19] INFO  o.e.m.c.i.embedder.EclipseLogger - Using 'UTF-8' encoding to copy filtered resources.
2017-01-02 12:23:55,399 [Worker-19] INFO  o.e.m.c.i.embedder.EclipseLogger - skip non existing resourceDirectory /home/viet/Desktop/DevFile/Java/SmartQA/SmartQA/SmartQA/src/main/resources
2017-01-02 12:23:55,401 [Worker-19] INFO  o.e.m.c.i.embedder.EclipseLogger - Using 'UTF-8' encoding to copy filtered resources.
2017-01-02 12:23:55,401 [Worker-19] INFO  o.e.m.c.i.embedder.EclipseLogger - skip non existing resourceDirectory /home/viet/Desktop/DevFile/Java/SmartQA/SmartQA/SmartQA/src/test/resources
2017-01-02 12:24:21,270 [Worker-22] INFO  o.e.m.c.i.embedder.EclipseLogger - Using 'UTF-8' encoding to copy filtered resources.
2017-01-02 12:24:21,271 [Worker-22] INFO  o.e.m.c.i.embedder.EclipseLogger - skip non existing resourceDirectory /home/viet/Desktop/DevFile/Java/SmartQA/SmartQA/SmartQA/src/main/resources
2017-01-02 12:24:21,273 [Worker-22] INFO  o.e.m.c.i.embedder.EclipseLogger - Using 'UTF-8' encoding to copy filtered resources.
2017-01-02 12:24:21,273 [Worker-22] INFO  o.e.m.c.i.embedder.EclipseLogger - skip non existing resourceDirectory /home/viet/Desktop/DevFile/Java/SmartQA/SmartQA/SmartQA/src/test/resources
2017-01-02 12:24:39,273 [Worker-23] INFO  o.e.m.c.i.embedder.EclipseLogger - Using 'UTF-8' encoding to copy filtered resources.
2017-01-02 12:24:39,274 [Worker-23] INFO  o.e.m.c.i.embedder.EclipseLogger - skip non existing resourceDirectory /home/viet/Desktop/DevFile/Java/SmartQA/SmartQA/SmartQA/src/main/resources
2017-01-02 12:24:39,276 [Worker-23] INFO  o.e.m.c.i.embedder.EclipseLogger - Using 'UTF-8' encoding to copy filtered resources.
2017-01-02 12:24:39,276 [Worker-23] INFO  o.e.m.c.i.embedder.EclipseLogger - skip non existing resourceDirectory /home/viet/Desktop/DevFile/Java/SmartQA/SmartQA/SmartQA/src/test/resources
2017-01-02 12:25:12,562 [Worker-21] INFO  o.e.m.c.i.embedder.EclipseLogger - Using 'UTF-8' encoding to copy filtered resources.
2017-01-02 12:25:12,562 [Worker-21] INFO  o.e.m.c.i.embedder.EclipseLogger - skip non existing resourceDirectory /home/viet/Desktop/DevFile/Java/SmartQA/SmartQA/SmartQA/src/main/resources
2017-01-02 12:25:12,564 [Worker-21] INFO  o.e.m.c.i.embedder.EclipseLogger - Using 'UTF-8' encoding to copy filtered resources.
2017-01-02 12:25:12,564 [Worker-21] INFO  o.e.m.c.i.embedder.EclipseLogger - skip non existing resourceDirectory /home/viet/Desktop/DevFile/Java/SmartQA/SmartQA/SmartQA/src/test/resources
2017-01-02 12:26:01,704 [Worker-0] INFO  o.e.m.c.i.embedder.EclipseLogger - Using 'UTF-8' encoding to copy filtered resources.
2017-01-02 12:26:01,704 [Worker-0] INFO  o.e.m.c.i.embedder.EclipseLogger - skip non existing resourceDirectory /home/viet/Desktop/DevFile/Java/SmartQA/SmartQA/SmartQA/src/main/resources
2017-01-02 12:26:01,705 [Worker-0] INFO  o.e.m.c.i.embedder.EclipseLogger - Using 'UTF-8' encoding to copy filtered resources.
2017-01-02 12:26:01,706 [Worker-0] INFO  o.e.m.c.i.embedder.EclipseLogger - skip non existing resourceDirectory /home/viet/Desktop/DevFile/Java/SmartQA/SmartQA/SmartQA/src/test/resources
2017-01-02 12:27:14,652 [Worker-21] INFO  o.e.m.c.i.embedder.EclipseLogger - Using 'UTF-8' encoding to copy filtered resources.
2017-01-02 12:27:14,652 [Worker-21] INFO  o.e.m.c.i.embedder.EclipseLogger - skip non existing resourceDirectory /home/viet/Desktop/DevFile/Java/SmartQA/SmartQA/SmartQA/src/main/resources
2017-01-02 12:27:14,654 [Worker-21] INFO  o.e.m.c.i.embedder.EclipseLogger - Using 'UTF-8' encoding to copy filtered resources.
2017-01-02 12:27:14,654 [Worker-21] INFO  o.e.m.c.i.embedder.EclipseLogger - skip non existing resourceDirectory /home/viet/Desktop/DevFile/Java/SmartQA/SmartQA/SmartQA/src/test/resources
2017-01-02 12:27:24,477 [Worker-21] INFO  o.e.m.c.i.embedder.EclipseLogger - Using 'UTF-8' encoding to copy filtered resources.
2017-01-02 12:27:24,478 [Worker-21] INFO  o.e.m.c.i.embedder.EclipseLogger - skip non existing resourceDirectory /home/viet/Desktop/DevFile/Java/SmartQA/SmartQA/SmartQA/src/main/resources
2017-01-02 12:27:24,479 [Worker-21] INFO  o.e.m.c.i.embedder.EclipseLogger - Using 'UTF-8' encoding to copy filtered resources.
2017-01-02 12:27:24,479 [Worker-21] INFO  o.e.m.c.i.embedder.EclipseLogger - skip non existing resourceDirectory /home/viet/Desktop/DevFile/Java/SmartQA/SmartQA/SmartQA/src/test/resources
2017-01-02 12:27:55,832 [Worker-26] INFO  o.e.m.c.i.embedder.EclipseLogger - Using 'UTF-8' encoding to copy filtered resources.
2017-01-02 12:27:55,832 [Worker-26] INFO  o.e.m.c.i.embedder.EclipseLogger - skip non existing resourceDirectory /home/viet/Desktop/DevFile/Java/SmartQA/SmartQA/SmartQA/src/main/resources
2017-01-02 12:27:55,833 [Worker-26] INFO  o.e.m.c.i.embedder.EclipseLogger - Using 'UTF-8' encoding to copy filtered resources.
2017-01-02 12:27:55,833 [Worker-26] INFO  o.e.m.c.i.embedder.EclipseLogger - skip non existing resourceDirectory /home/viet/Desktop/DevFile/Java/SmartQA/SmartQA/SmartQA/src/test/resources
2017-01-02 12:28:08,039 [Worker-21] INFO  o.e.m.c.i.embedder.EclipseLogger - Using 'UTF-8' encoding to copy filtered resources.
2017-01-02 12:28:08,039 [Worker-21] INFO  o.e.m.c.i.embedder.EclipseLogger - skip non existing resourceDirectory /home/viet/Desktop/DevFile/Java/SmartQA/SmartQA/SmartQA/src/main/resources
2017-01-02 12:28:08,041 [Worker-21] INFO  o.e.m.c.i.embedder.EclipseLogger - Using 'UTF-8' encoding to copy filtered resources.
2017-01-02 12:28:08,042 [Worker-21] INFO  o.e.m.c.i.embedder.EclipseLogger - skip non existing resourceDirectory /home/viet/Desktop/DevFile/Java/SmartQA/SmartQA/SmartQA/src/test/resources
2017-01-02 12:28:14,239 [Worker-26] INFO  o.e.m.c.i.embedder.EclipseLogger - Using 'UTF-8' encoding to copy filtered resources.
2017-01-02 12:28:14,239 [Worker-26] INFO  o.e.m.c.i.embedder.EclipseLogger - skip non existing resourceDirectory /home/viet/Desktop/DevFile/Java/SmartQA/SmartQA/SmartQA/src/main/resources
2017-01-02 12:28:14,241 [Worker-26] INFO  o.e.m.c.i.embedder.EclipseLogger - Using 'UTF-8' encoding to copy filtered resources.
2017-01-02 12:28:14,241 [Worker-26] INFO  o.e.m.c.i.embedder.EclipseLogger - skip non existing resourceDirectory /home/viet/Desktop/DevFile/Java/SmartQA/SmartQA/SmartQA/src/test/resources
2017-01-02 12:28:31,292 [Worker-21] INFO  o.e.m.c.i.embedder.EclipseLogger - Using 'UTF-8' encoding to copy filtered resources.
2017-01-02 12:28:31,293 [Worker-21] INFO  o.e.m.c.i.embedder.EclipseLogger - skip non existing resourceDirectory /home/viet/Desktop/DevFile/Java/SmartQA/SmartQA/SmartQA/src/main/resources
2017-01-02 12:28:31,295 [Worker-21] INFO  o.e.m.c.i.embedder.EclipseLogger - Using 'UTF-8' encoding to copy filtered resources.
2017-01-02 12:28:31,296 [Worker-21] INFO  o.e.m.c.i.embedder.EclipseLogger - skip non existing resourceDirectory /home/viet/Desktop/DevFile/Java/SmartQA/SmartQA/SmartQA/src/test/resources
2017-01-02 12:29:29,708 [Worker-21] INFO  o.e.m.c.i.embedder.EclipseLogger - Using 'UTF-8' encoding to copy filtered resources.
2017-01-02 12:29:29,709 [Worker-21] INFO  o.e.m.c.i.embedder.EclipseLogger - skip non existing resourceDirectory /home/viet/Desktop/DevFile/Java/SmartQA/SmartQA/SmartQA/src/main/resources
2017-01-02 12:29:29,711 [Worker-21] INFO  o.e.m.c.i.embedder.EclipseLogger - Using 'UTF-8' encoding to copy filtered resources.
2017-01-02 12:29:29,712 [Worker-21] INFO  o.e.m.c.i.embedder.EclipseLogger - skip non existing resourceDirectory /home/viet/Desktop/DevFile/Java/SmartQA/SmartQA/SmartQA/src/test/resources
2017-01-02 12:29:33,029 [Worker-25] INFO  o.e.m.c.i.embedder.EclipseLogger - Using 'UTF-8' encoding to copy filtered resources.
2017-01-02 12:29:33,029 [Worker-25] INFO  o.e.m.c.i.embedder.EclipseLogger - skip non existing resourceDirectory /home/viet/Desktop/DevFile/Java/SmartQA/SmartQA/SmartQA/src/main/resources
2017-01-02 12:29:33,031 [Worker-25] INFO  o.e.m.c.i.embedder.EclipseLogger - Using 'UTF-8' encoding to copy filtered resources.
2017-01-02 12:29:33,031 [Worker-25] INFO  o.e.m.c.i.embedder.EclipseLogger - skip non existing resourceDirectory /home/viet/Desktop/DevFile/Java/SmartQA/SmartQA/SmartQA/src/test/resources
2017-01-02 19:09:57,542 [Worker-45] INFO  o.e.m.c.i.embedder.EclipseLogger - Using 'UTF-8' encoding to copy filtered resources.
2017-01-02 19:09:57,542 [Worker-45] INFO  o.e.m.c.i.embedder.EclipseLogger - skip non existing resourceDirectory /home/viet/Desktop/DevFile/Java/SmartQA/SmartQA/SmartQA/src/main/resources
2017-01-02 19:09:57,544 [Worker-45] INFO  o.e.m.c.i.embedder.EclipseLogger - Using 'UTF-8' encoding to copy filtered resources.
2017-01-02 19:09:57,544 [Worker-45] INFO  o.e.m.c.i.embedder.EclipseLogger - skip non existing resourceDirectory /home/viet/Desktop/DevFile/Java/SmartQA/SmartQA/SmartQA/src/test/resources
2017-01-02 19:10:21,387 [Worker-47] INFO  o.e.m.c.i.embedder.EclipseLogger - Using 'UTF-8' encoding to copy filtered resources.
2017-01-02 19:10:21,388 [Worker-47] INFO  o.e.m.c.i.embedder.EclipseLogger - skip non existing resourceDirectory /home/viet/Desktop/DevFile/Java/SmartQA/SmartQA/SmartQA/src/main/resources
2017-01-02 19:10:21,390 [Worker-47] INFO  o.e.m.c.i.embedder.EclipseLogger - Using 'UTF-8' encoding to copy filtered resources.
2017-01-02 19:10:21,390 [Worker-47] INFO  o.e.m.c.i.embedder.EclipseLogger - skip non existing resourceDirectory /home/viet/Desktop/DevFile/Java/SmartQA/SmartQA/SmartQA/src/test/resources
2017-01-02 19:10:48,245 [Worker-47] INFO  o.e.m.c.i.embedder.EclipseLogger - Using 'UTF-8' encoding to copy filtered resources.
2017-01-02 19:10:48,246 [Worker-47] INFO  o.e.m.c.i.embedder.EclipseLogger - skip non existing resourceDirectory /home/viet/Desktop/DevFile/Java/SmartQA/SmartQA/SmartQA/src/main/resources
2017-01-02 19:10:48,252 [Worker-47] INFO  o.e.m.c.i.embedder.EclipseLogger - Using 'UTF-8' encoding to copy filtered resources.
2017-01-02 19:10:48,252 [Worker-47] INFO  o.e.m.c.i.embedder.EclipseLogger - skip non existing resourceDirectory /home/viet/Desktop/DevFile/Java/SmartQA/SmartQA/SmartQA/src/test/resources
2017-01-02 19:11:17,869 [Worker-45] INFO  o.e.m.c.i.embedder.EclipseLogger - Using 'UTF-8' encoding to copy filtered resources.
2017-01-02 19:11:17,869 [Worker-45] INFO  o.e.m.c.i.embedder.EclipseLogger - skip non existing resourceDirectory /home/viet/Desktop/DevFile/Java/SmartQA/SmartQA/SmartQA/src/main/resources
2017-01-02 19:11:17,871 [Worker-45] INFO  o.e.m.c.i.embedder.EclipseLogger - Using 'UTF-8' encoding to copy filtered resources.
2017-01-02 19:11:17,872 [Worker-45] INFO  o.e.m.c.i.embedder.EclipseLogger - skip non existing resourceDirectory /home/viet/Desktop/DevFile/Java/SmartQA/SmartQA/SmartQA/src/test/resources
2017-01-02 19:11:54,096 [Worker-44] INFO  o.e.m.c.i.embedder.EclipseLogger - Using 'UTF-8' encoding to copy filtered resources.
2017-01-02 19:11:54,096 [Worker-44] INFO  o.e.m.c.i.embedder.EclipseLogger - skip non existing resourceDirectory /home/viet/Desktop/DevFile/Java/SmartQA/SmartQA/SmartQA/src/main/resources
2017-01-02 19:11:54,098 [Worker-44] INFO  o.e.m.c.i.embedder.EclipseLogger - Using 'UTF-8' encoding to copy filtered resources.
2017-01-02 19:11:54,098 [Worker-44] INFO  o.e.m.c.i.embedder.EclipseLogger - skip non existing resourceDirectory /home/viet/Desktop/DevFile/Java/SmartQA/SmartQA/SmartQA/src/test/resources
2017-01-02 19:12:04,489 [Worker-45] INFO  o.e.m.c.i.embedder.EclipseLogger - Using 'UTF-8' encoding to copy filtered resources.
2017-01-02 19:12:04,490 [Worker-45] INFO  o.e.m.c.i.embedder.EclipseLogger - skip non existing resourceDirectory /home/viet/Desktop/DevFile/Java/SmartQA/SmartQA/SmartQA/src/main/resources
2017-01-02 19:12:04,492 [Worker-45] INFO  o.e.m.c.i.embedder.EclipseLogger - Using 'UTF-8' encoding to copy filtered resources.
2017-01-02 19:12:04,494 [Worker-45] INFO  o.e.m.c.i.embedder.EclipseLogger - skip non existing resourceDirectory /home/viet/Desktop/DevFile/Java/SmartQA/SmartQA/SmartQA/src/test/resources
2017-01-02 19:12:10,767 [Worker-45] INFO  o.e.m.c.i.embedder.EclipseLogger - Using 'UTF-8' encoding to copy filtered resources.
2017-01-02 19:12:10,767 [Worker-45] INFO  o.e.m.c.i.embedder.EclipseLogger - skip non existing resourceDirectory /home/viet/Desktop/DevFile/Java/SmartQA/SmartQA/SmartQA/src/main/resources
2017-01-02 19:12:10,769 [Worker-45] INFO  o.e.m.c.i.embedder.EclipseLogger - Using 'UTF-8' encoding to copy filtered resources.
2017-01-02 19:12:10,769 [Worker-45] INFO  o.e.m.c.i.embedder.EclipseLogger - skip non existing resourceDirectory /home/viet/Desktop/DevFile/Java/SmartQA/SmartQA/SmartQA/src/test/resources
2017-01-02 19:13:05,616 [Worker-50] INFO  o.e.m.c.i.embedder.EclipseLogger - Using 'UTF-8' encoding to copy filtered resources.
2017-01-02 19:13:05,616 [Worker-50] INFO  o.e.m.c.i.embedder.EclipseLogger - skip non existing resourceDirectory /home/viet/Desktop/DevFile/Java/SmartQA/SmartQA/SmartQA/src/main/resources
2017-01-02 19:13:05,618 [Worker-50] INFO  o.e.m.c.i.embedder.EclipseLogger - Using 'UTF-8' encoding to copy filtered resources.
2017-01-02 19:13:05,618 [Worker-50] INFO  o.e.m.c.i.embedder.EclipseLogger - skip non existing resourceDirectory /home/viet/Desktop/DevFile/Java/SmartQA/SmartQA/SmartQA/src/test/resources
2017-01-02 19:13:23,150 [Worker-43] INFO  o.e.m.c.i.embedder.EclipseLogger - Using 'UTF-8' encoding to copy filtered resources.
2017-01-02 19:13:23,150 [Worker-43] INFO  o.e.m.c.i.embedder.EclipseLogger - skip non existing resourceDirectory /home/viet/Desktop/DevFile/Java/SmartQA/SmartQA/SmartQA/src/main/resources
2017-01-02 19:13:23,152 [Worker-43] INFO  o.e.m.c.i.embedder.EclipseLogger - Using 'UTF-8' encoding to copy filtered resources.
2017-01-02 19:13:23,154 [Worker-43] INFO  o.e.m.c.i.embedder.EclipseLogger - skip non existing resourceDirectory /home/viet/Desktop/DevFile/Java/SmartQA/SmartQA/SmartQA/src/test/resources
2017-01-02 19:14:25,867 [Worker-45] INFO  o.e.m.c.i.embedder.EclipseLogger - Using 'UTF-8' encoding to copy filtered resources.
2017-01-02 19:14:25,867 [Worker-45] INFO  o.e.m.c.i.embedder.EclipseLogger - skip non existing resourceDirectory /home/viet/Desktop/DevFile/Java/SmartQA/SmartQA/SmartQA/src/main/resources
2017-01-02 19:14:25,868 [Worker-45] INFO  o.e.m.c.i.embedder.EclipseLogger - Using 'UTF-8' encoding to copy filtered resources.
2017-01-02 19:14:25,869 [Worker-45] INFO  o.e.m.c.i.embedder.EclipseLogger - skip non existing resourceDirectory /home/viet/Desktop/DevFile/Java/SmartQA/SmartQA/SmartQA/src/test/resources
2017-01-02 19:14:33,024 [Worker-50] INFO  o.e.m.c.i.embedder.EclipseLogger - Using 'UTF-8' encoding to copy filtered resources.
2017-01-02 19:14:33,025 [Worker-50] INFO  o.e.m.c.i.embedder.EclipseLogger - skip non existing resourceDirectory /home/viet/Desktop/DevFile/Java/SmartQA/SmartQA/SmartQA/src/main/resources
2017-01-02 19:14:33,027 [Worker-50] INFO  o.e.m.c.i.embedder.EclipseLogger - Using 'UTF-8' encoding to copy filtered resources.
2017-01-02 19:14:33,027 [Worker-50] INFO  o.e.m.c.i.embedder.EclipseLogger - skip non existing resourceDirectory /home/viet/Desktop/DevFile/Java/SmartQA/SmartQA/SmartQA/src/test/resources
2017-01-02 19:14:37,675 [Worker-50] INFO  o.e.m.c.i.embedder.EclipseLogger - Using 'UTF-8' encoding to copy filtered resources.
2017-01-02 19:14:37,676 [Worker-50] INFO  o.e.m.c.i.embedder.EclipseLogger - skip non existing resourceDirectory /home/viet/Desktop/DevFile/Java/SmartQA/SmartQA/SmartQA/src/main/resources
2017-01-02 19:14:37,678 [Worker-50] INFO  o.e.m.c.i.embedder.EclipseLogger - Using 'UTF-8' encoding to copy filtered resources.
2017-01-02 19:14:37,678 [Worker-50] INFO  o.e.m.c.i.embedder.EclipseLogger - skip non existing resourceDirectory /home/viet/Desktop/DevFile/Java/SmartQA/SmartQA/SmartQA/src/test/resources
2017-01-03 11:04:24,104 [Worker-0] INFO  c.g.t.t.d.PublishedGradleVersions - Gradle version information cache is out-of-date. Trying to update.
2017-01-03 12:08:57,849 [Worker-34] INFO  o.e.m.c.i.embedder.EclipseLogger - Using 'UTF-8' encoding to copy filtered resources.
2017-01-03 12:08:57,850 [Worker-34] INFO  o.e.m.c.i.embedder.EclipseLogger - skip non existing resourceDirectory /home/viet/Desktop/DevFile/Java/SmartQA/SmartQA/SmartQA/src/main/resources
2017-01-03 12:08:57,854 [Worker-34] INFO  o.e.m.c.i.embedder.EclipseLogger - Using 'UTF-8' encoding to copy filtered resources.
2017-01-03 12:08:57,854 [Worker-34] INFO  o.e.m.c.i.embedder.EclipseLogger - skip non existing resourceDirectory /home/viet/Desktop/DevFile/Java/SmartQA/SmartQA/SmartQA/src/test/resources
2017-01-03 12:09:09,067 [Worker-31] INFO  o.e.m.c.i.embedder.EclipseLogger - Using 'UTF-8' encoding to copy filtered resources.
2017-01-03 12:09:09,067 [Worker-31] INFO  o.e.m.c.i.embedder.EclipseLogger - skip non existing resourceDirectory /home/viet/Desktop/DevFile/Java/SmartQA/SmartQA/SmartQA/src/main/resources
2017-01-03 12:09:09,069 [Worker-31] INFO  o.e.m.c.i.embedder.EclipseLogger - Using 'UTF-8' encoding to copy filtered resources.
2017-01-03 12:09:09,070 [Worker-31] INFO  o.e.m.c.i.embedder.EclipseLogger - skip non existing resourceDirectory /home/viet/Desktop/DevFile/Java/SmartQA/SmartQA/SmartQA/src/test/resources
2017-01-03 12:12:45,810 [Worker-38] INFO  o.e.m.c.i.embedder.EclipseLogger - Using 'UTF-8' encoding to copy filtered resources.
2017-01-03 12:12:45,810 [Worker-38] INFO  o.e.m.c.i.embedder.EclipseLogger - skip non existing resourceDirectory /home/viet/Desktop/DevFile/Java/SmartQA/SmartQA/SmartQA/src/main/resources
2017-01-03 12:12:45,816 [Worker-38] INFO  o.e.m.c.i.embedder.EclipseLogger - Using 'UTF-8' encoding to copy filtered resources.
2017-01-03 12:12:45,816 [Worker-38] INFO  o.e.m.c.i.embedder.EclipseLogger - skip non existing resourceDirectory /home/viet/Desktop/DevFile/Java/SmartQA/SmartQA/SmartQA/src/test/resources
2017-01-03 12:13:23,327 [Worker-40] INFO  o.e.m.c.i.embedder.EclipseLogger - Using 'UTF-8' encoding to copy filtered resources.
2017-01-03 12:13:23,327 [Worker-40] INFO  o.e.m.c.i.embedder.EclipseLogger - skip non existing resourceDirectory /home/viet/Desktop/DevFile/Java/SmartQA/SmartQA/SmartQA/src/main/resources
2017-01-03 12:13:23,329 [Worker-40] INFO  o.e.m.c.i.embedder.EclipseLogger - Using 'UTF-8' encoding to copy filtered resources.
2017-01-03 12:13:23,330 [Worker-40] INFO  o.e.m.c.i.embedder.EclipseLogger - skip non existing resourceDirectory /home/viet/Desktop/DevFile/Java/SmartQA/SmartQA/SmartQA/src/test/resources
2017-01-03 12:14:29,688 [Worker-40] INFO  o.e.m.c.i.embedder.EclipseLogger - Using 'UTF-8' encoding to copy filtered resources.
2017-01-03 12:14:29,688 [Worker-40] INFO  o.e.m.c.i.embedder.EclipseLogger - skip non existing resourceDirectory /home/viet/Desktop/DevFile/Java/SmartQA/SmartQA/SmartQA/src/main/resources
2017-01-03 12:14:29,691 [Worker-40] INFO  o.e.m.c.i.embedder.EclipseLogger - Using 'UTF-8' encoding to copy filtered resources.
2017-01-03 12:14:29,691 [Worker-40] INFO  o.e.m.c.i.embedder.EclipseLogger - skip non existing resourceDirectory /home/viet/Desktop/DevFile/Java/SmartQA/SmartQA/SmartQA/src/test/resources
2017-01-03 12:15:04,869 [Worker-39] INFO  o.e.m.c.i.embedder.EclipseLogger - Using 'UTF-8' encoding to copy filtered resources.
2017-01-03 12:15:04,870 [Worker-39] INFO  o.e.m.c.i.embedder.EclipseLogger - skip non existing resourceDirectory /home/viet/Desktop/DevFile/Java/SmartQA/SmartQA/SmartQA/src/main/resources
2017-01-03 12:15:04,877 [Worker-39] INFO  o.e.m.c.i.embedder.EclipseLogger - Using 'UTF-8' encoding to copy filtered resources.
2017-01-03 12:15:04,878 [Worker-39] INFO  o.e.m.c.i.embedder.EclipseLogger - skip non existing resourceDirectory /home/viet/Desktop/DevFile/Java/SmartQA/SmartQA/SmartQA/src/test/resources
2017-01-03 12:15:47,801 [Worker-41] INFO  o.e.m.c.i.embedder.EclipseLogger - Using 'UTF-8' encoding to copy filtered resources.
2017-01-03 12:15:47,802 [Worker-41] INFO  o.e.m.c.i.embedder.EclipseLogger - skip non existing resourceDirectory /home/viet/Desktop/DevFile/Java/SmartQA/SmartQA/SmartQA/src/main/resources
2017-01-03 12:15:47,804 [Worker-41] INFO  o.e.m.c.i.embedder.EclipseLogger - Using 'UTF-8' encoding to copy filtered resources.
2017-01-03 12:15:47,804 [Worker-41] INFO  o.e.m.c.i.embedder.EclipseLogger - skip non existing resourceDirectory /home/viet/Desktop/DevFile/Java/SmartQA/SmartQA/SmartQA/src/test/resources
2017-01-03 12:16:10,626 [Worker-39] INFO  o.e.m.c.i.embedder.EclipseLogger - Using 'UTF-8' encoding to copy filtered resources.
2017-01-03 12:16:10,626 [Worker-39] INFO  o.e.m.c.i.embedder.EclipseLogger - skip non existing resourceDirectory /home/viet/Desktop/DevFile/Java/SmartQA/SmartQA/SmartQA/src/main/resources
2017-01-03 12:16:10,637 [Worker-39] INFO  o.e.m.c.i.embedder.EclipseLogger - Using 'UTF-8' encoding to copy filtered resources.
2017-01-03 12:16:10,637 [Worker-39] INFO  o.e.m.c.i.embedder.EclipseLogger - skip non existing resourceDirectory /home/viet/Desktop/DevFile/Java/SmartQA/SmartQA/SmartQA/src/test/resources
2017-01-03 12:16:41,804 [Worker-31] INFO  o.e.m.c.i.embedder.EclipseLogger - Using 'UTF-8' encoding to copy filtered resources.
2017-01-03 12:16:41,805 [Worker-31] INFO  o.e.m.c.i.embedder.EclipseLogger - skip non existing resourceDirectory /home/viet/Desktop/DevFile/Java/SmartQA/SmartQA/SmartQA/src/main/resources
2017-01-03 12:16:41,806 [Worker-31] INFO  o.e.m.c.i.embedder.EclipseLogger - Using 'UTF-8' encoding to copy filtered resources.
2017-01-03 12:16:41,807 [Worker-31] INFO  o.e.m.c.i.embedder.EclipseLogger - skip non existing resourceDirectory /home/viet/Desktop/DevFile/Java/SmartQA/SmartQA/SmartQA/src/test/resources
2017-01-03 12:18:33,370 [Worker-38] INFO  o.e.m.c.i.embedder.EclipseLogger - Using 'UTF-8' encoding to copy filtered resources.
2017-01-03 12:18:33,371 [Worker-38] INFO  o.e.m.c.i.embedder.EclipseLogger - skip non existing resourceDirectory /home/viet/Desktop/DevFile/Java/SmartQA/SmartQA/SmartQA/src/main/resources
2017-01-03 12:18:33,373 [Worker-38] INFO  o.e.m.c.i.embedder.EclipseLogger - Using 'UTF-8' encoding to copy filtered resources.
2017-01-03 12:18:33,373 [Worker-38] INFO  o.e.m.c.i.embedder.EclipseLogger - skip non existing resourceDirectory /home/viet/Desktop/DevFile/Java/SmartQA/SmartQA/SmartQA/src/test/resources
2017-01-03 12:19:46,985 [Worker-39] INFO  o.e.m.c.i.embedder.EclipseLogger - Using 'UTF-8' encoding to copy filtered resources.
2017-01-03 12:19:46,985 [Worker-39] INFO  o.e.m.c.i.embedder.EclipseLogger - skip non existing resourceDirectory /home/viet/Desktop/DevFile/Java/SmartQA/SmartQA/SmartQA/src/main/resources
2017-01-03 12:19:46,987 [Worker-39] INFO  o.e.m.c.i.embedder.EclipseLogger - Using 'UTF-8' encoding to copy filtered resources.
2017-01-03 12:19:46,987 [Worker-39] INFO  o.e.m.c.i.embedder.EclipseLogger - skip non existing resourceDirectory /home/viet/Desktop/DevFile/Java/SmartQA/SmartQA/SmartQA/src/test/resources
2017-01-03 12:21:05,465 [Worker-40] INFO  o.e.m.c.i.embedder.EclipseLogger - Using 'UTF-8' encoding to copy filtered resources.
2017-01-03 12:21:05,466 [Worker-40] INFO  o.e.m.c.i.embedder.EclipseLogger - skip non existing resourceDirectory /home/viet/Desktop/DevFile/Java/SmartQA/SmartQA/SmartQA/src/main/resources
2017-01-03 12:21:05,471 [Worker-40] INFO  o.e.m.c.i.embedder.EclipseLogger - Using 'UTF-8' encoding to copy filtered resources.
2017-01-03 12:21:05,471 [Worker-40] INFO  o.e.m.c.i.embedder.EclipseLogger - skip non existing resourceDirectory /home/viet/Desktop/DevFile/Java/SmartQA/SmartQA/SmartQA/src/test/resources
2017-01-03 12:21:25,331 [Worker-38] INFO  o.e.m.c.i.embedder.EclipseLogger - Using 'UTF-8' encoding to copy filtered resources.
2017-01-03 12:21:25,331 [Worker-38] INFO  o.e.m.c.i.embedder.EclipseLogger - skip non existing resourceDirectory /home/viet/Desktop/DevFile/Java/SmartQA/SmartQA/SmartQA/src/main/resources
2017-01-03 12:21:25,334 [Worker-38] INFO  o.e.m.c.i.embedder.EclipseLogger - Using 'UTF-8' encoding to copy filtered resources.
2017-01-03 12:21:25,335 [Worker-38] INFO  o.e.m.c.i.embedder.EclipseLogger - skip non existing resourceDirectory /home/viet/Desktop/DevFile/Java/SmartQA/SmartQA/SmartQA/src/test/resources
2017-01-03 12:21:34,862 [Worker-40] INFO  o.e.m.c.i.embedder.EclipseLogger - Using 'UTF-8' encoding to copy filtered resources.
2017-01-03 12:21:34,863 [Worker-40] INFO  o.e.m.c.i.embedder.EclipseLogger - skip non existing resourceDirectory /home/viet/Desktop/DevFile/Java/SmartQA/SmartQA/SmartQA/src/main/resources
2017-01-03 12:21:34,872 [Worker-40] INFO  o.e.m.c.i.embedder.EclipseLogger - Using 'UTF-8' encoding to copy filtered resources.
2017-01-03 12:21:34,872 [Worker-40] INFO  o.e.m.c.i.embedder.EclipseLogger - skip non existing resourceDirectory /home/viet/Desktop/DevFile/Java/SmartQA/SmartQA/SmartQA/src/test/resources
2017-01-03 12:23:32,497 [Worker-31] INFO  o.e.m.c.i.embedder.EclipseLogger - Using 'UTF-8' encoding to copy filtered resources.
2017-01-03 12:23:32,497 [Worker-31] INFO  o.e.m.c.i.embedder.EclipseLogger - skip non existing resourceDirectory /home/viet/Desktop/DevFile/Java/SmartQA/SmartQA/SmartQA/src/main/resources
2017-01-03 12:23:32,501 [Worker-31] INFO  o.e.m.c.i.embedder.EclipseLogger - Using 'UTF-8' encoding to copy filtered resources.
2017-01-03 12:23:32,502 [Worker-31] INFO  o.e.m.c.i.embedder.EclipseLogger - skip non existing resourceDirectory /home/viet/Desktop/DevFile/Java/SmartQA/SmartQA/SmartQA/src/test/resources
2017-01-03 12:23:44,215 [Worker-31] INFO  o.e.m.c.i.embedder.EclipseLogger - Using 'UTF-8' encoding to copy filtered resources.
2017-01-03 12:23:44,216 [Worker-31] INFO  o.e.m.c.i.embedder.EclipseLogger - skip non existing resourceDirectory /home/viet/Desktop/DevFile/Java/SmartQA/SmartQA/SmartQA/src/main/resources
2017-01-03 12:23:44,240 [Worker-31] INFO  o.e.m.c.i.embedder.EclipseLogger - Using 'UTF-8' encoding to copy filtered resources.
2017-01-03 12:23:44,240 [Worker-31] INFO  o.e.m.c.i.embedder.EclipseLogger - skip non existing resourceDirectory /home/viet/Desktop/DevFile/Java/SmartQA/SmartQA/SmartQA/src/test/resources
2017-01-03 12:24:12,241 [Worker-41] INFO  o.e.m.c.i.embedder.EclipseLogger - Using 'UTF-8' encoding to copy filtered resources.
2017-01-03 12:24:12,241 [Worker-41] INFO  o.e.m.c.i.embedder.EclipseLogger - skip non existing resourceDirectory /home/viet/Desktop/DevFile/Java/SmartQA/SmartQA/SmartQA/src/main/resources
2017-01-03 12:24:12,244 [Worker-41] INFO  o.e.m.c.i.embedder.EclipseLogger - Using 'UTF-8' encoding to copy filtered resources.
2017-01-03 12:24:12,244 [Worker-41] INFO  o.e.m.c.i.embedder.EclipseLogger - skip non existing resourceDirectory /home/viet/Desktop/DevFile/Java/SmartQA/SmartQA/SmartQA/src/test/resources
2017-01-03 13:16:54,337 [Worker-46] INFO  o.e.m.c.i.embedder.EclipseLogger - Using 'UTF-8' encoding to copy filtered resources.
2017-01-03 13:16:54,337 [Worker-46] INFO  o.e.m.c.i.embedder.EclipseLogger - skip non existing resourceDirectory /home/viet/Desktop/DevFile/Java/SmartQA/SmartQA/SmartQA/src/main/resources
2017-01-03 13:16:54,340 [Worker-46] INFO  o.e.m.c.i.embedder.EclipseLogger - Using 'UTF-8' encoding to copy filtered resources.
2017-01-03 13:16:54,340 [Worker-46] INFO  o.e.m.c.i.embedder.EclipseLogger - skip non existing resourceDirectory /home/viet/Desktop/DevFile/Java/SmartQA/SmartQA/SmartQA/src/test/resources
